<?xml version="1.0" encoding="UTF-8"?>
<!-- Generated by org.testng.reporters.JUnitReportReporter -->
<testsuite skipped="0" hostname="udaya-PC" name="hrm.com.qa.tests.LoginTest" tests="1" failures="0" timestamp="21 May 2018 18:01:32 GMT" time="18.695" errors="0">
  <testcase name="fnLogin" time="18.695" classname="hrm.com.qa.tests.LoginTest"/>
</testsuite> <!-- hrm.com.qa.tests.LoginTest -->
